
> start
> npm run ng-high-memory -- serve


> ng-high-memory
> node --max_old_space_size=10000 ./node_modules/@angular/cli/bin/ng serve

- Generating browser application bundles (phase: setup)...
✔ Browser application bundle generation complete.

Initial chunk files                           | Names                           |  Raw size
main.js                                       | main                            |   8.08 MB | 
scripts.js                                    | scripts                         |   5.22 MB | 
vendor.js                                     | vendor                          |   3.32 MB | 
styles.css, styles.js                         | styles                          | 233.07 kB | 
polyfills.js                                  | polyfills                       | 232.65 kB | 
runtime.js                                    | runtime                         |  12.97 kB | 

                                              | Initial total                   |  17.10 MB

Lazy chunk files                              | Names                           |  Raw size
src_app_accordion_accordion-demo_module_ts.js | accordion-accordion-demo-module |  70.71 kB | 
src_app_locale_locale-demo_module_ts.js       | locale-locale-demo-module       |  24.73 kB | 

Build at: 2024-10-14T17:08:20.668Z - Hash: 5b603b34c697b9f4 - Time: 17799ms

** Angular Live Development Server is listening on localhost:4200, open your browser on http://localhost:4200/ids-enterprise-ng-demo **


✔ Compiled successfully.
